<?xml version="1.0" encoding="UTF-8"?>
<!-- Generated by org.testng.reporters.JUnitReportReporter -->
<testsuite hostname="Bspl-PC" name="install.Install" tests="1" failures="0" timestamp="21 Dec 2015 11:39:14 GMT" time="76.152" errors="0">
  <testcase name="initialSetUp" time="76.152" classname="install.Install"/>
</testsuite> <!-- install.Install -->
